2024-03-01 12:05.24 [info     ] Copying files from /Volumes/PHTM_PacELF/b PacELF Documents
2024-03-01 12:05.24 [info     ] Copying files to ../public/documents
2024-03-01 12:10.52 [info     ] #files in /Volumes/PHTM_PacELF/b PacELF Documents is 5077
2024-03-01 12:10.52 [info     ] #files in ../public/documents is 223
2024-03-01 12:10.52 [info     ] ID 93 | file already exists at destination
2024-03-01 12:10.52 [info     ] ID 94 | file already exists at destination
2024-03-01 12:10.52 [info     ] ID 230 | file already exists at destination
2024-03-01 12:10.52 [info     ] ID 233 | file already exists at destination
2024-03-01 12:10.52 [info     ] ID 251 | file already exists at destination
2024-03-01 12:10.52 [info     ] ID 269 | file already exists at destination
2024-03-01 12:10.52 [info     ] ID 314 | file already exists at destination
2024-03-01 12:10.52 [info     ] ID 317 | file already exists at destination
2024-03-01 12:10.52 [info     ] ID 319 | file already exists at destination
2024-03-01 12:10.52 [info     ] ID 408 | file already exists at destination
2024-03-01 12:10.52 [info     ] ID 426 | file already exists at destination
2024-03-01 12:10.52 [info     ] ID 436 | file already exists at destination
2024-03-01 12:10.52 [info     ] ID 441 | file already exists at destination
2024-03-01 12:10.52 [info     ] ID 447 | file already exists at destination
2024-03-01 12:10.52 [info     ] ID 448 | file already exists at destination
2024-03-01 12:10.52 [info     ] ID 450 | file already exists at destination
2024-03-01 12:10.52 [info     ] ID 480 | file already exists at destination
2024-03-01 12:10.52 [info     ] ID 492 | file already exists at destination
2024-03-01 12:10.52 [info     ] ID 493 | file already exists at destination
2024-03-01 12:10.52 [info     ] ID 508 | file already exists at destination
2024-03-01 12:10.52 [info     ] ID 521 | file already exists at destination
2024-03-01 12:10.52 [info     ] ID 543 | file already exists at destination
2024-03-01 12:10.52 [info     ] ID 547 | file already exists at destination
2024-03-01 12:10.52 [info     ] ID 562 | file already exists at destination
2024-03-01 12:10.52 [info     ] ID 585 | file already exists at destination
2024-03-01 12:10.52 [info     ] ID 591 | file already exists at destination
2024-03-01 12:10.52 [info     ] ID 605 | file already exists at destination
2024-03-01 12:10.52 [info     ] ID 616 | file already exists at destination
2024-03-01 12:10.52 [info     ] ID 617 | file already exists at destination
2024-03-01 12:10.52 [info     ] ID 628 | file already exists at destination
2024-03-01 12:10.52 [info     ] ID 630 | file already exists at destination
2024-03-01 12:10.52 [info     ] ID 640 | file already exists at destination
2024-03-01 12:10.52 [info     ] ID 661 | file already exists at destination
2024-03-01 12:10.52 [info     ] ID 662 | file already exists at destination
2024-03-01 12:10.52 [info     ] ID 663 | file already exists at destination
2024-03-01 12:10.52 [info     ] ID 668 | file already exists at destination
2024-03-01 12:10.52 [info     ] ID 669 | file already exists at destination
2024-03-01 12:10.52 [info     ] ID 681 | file already exists at destination
2024-03-01 12:10.52 [info     ] ID 682 | file already exists at destination
2024-03-01 12:10.52 [info     ] ID 685 | file already exists at destination
2024-03-01 12:10.52 [info     ] ID 686 | file already exists at destination
2024-03-01 12:10.52 [info     ] ID 700 | file already exists at destination
2024-03-01 12:10.52 [info     ] ID 707 | file already exists at destination
2024-03-01 12:10.52 [info     ] ID 708 | file already exists at destination
2024-03-01 12:10.52 [info     ] ID 712 | file already exists at destination
2024-03-01 12:10.52 [info     ] ID 726 | file already exists at destination
2024-03-01 12:10.52 [info     ] ID 742 | file already exists at destination
2024-03-01 12:10.52 [info     ] ID 743 | file already exists at destination
2024-03-01 12:10.52 [info     ] ID 744 | file already exists at destination
2024-03-01 12:10.52 [info     ] ID 746 | file already exists at destination
2024-03-01 12:10.52 [info     ] ID 748 | file already exists at destination
2024-03-01 12:10.52 [info     ] ID 751 | file already exists at destination
2024-03-01 12:10.52 [info     ] ID 756 | file already exists at destination
2024-03-01 12:10.52 [info     ] ID 758 | file already exists at destination
2024-03-01 12:10.52 [info     ] ID 762 | file already exists at destination
2024-03-01 12:10.52 [info     ] ID 787 | file already exists at destination
2024-03-01 12:10.52 [info     ] ID 797 | file already exists at destination
2024-03-01 12:10.52 [info     ] ID 808 | file already exists at destination
2024-03-01 12:10.52 [info     ] ID 809 | file already exists at destination
2024-03-01 12:10.52 [info     ] ID 836 | file already exists at destination
2024-03-01 12:10.52 [info     ] ID 846 | file already exists at destination
2024-03-01 12:10.52 [info     ] ID 880 | file already exists at destination
2024-03-01 12:10.52 [info     ] ID 892 | file already exists at destination
2024-03-01 12:10.52 [info     ] ID 894 | file already exists at destination
2024-03-01 12:10.52 [info     ] ID 899 | file already exists at destination
2024-03-01 12:10.52 [info     ] ID 904 | file already exists at destination
2024-03-01 12:10.52 [info     ] ID 905 | file already exists at destination
2024-03-01 12:10.52 [info     ] ID 954 | file already exists at destination
2024-03-01 12:10.52 [info     ] ID 966 | file already exists at destination
2024-03-01 12:10.52 [info     ] ID 967 | file already exists at destination
2024-03-01 12:10.52 [info     ] ID 979 | file already exists at destination
2024-03-01 12:10.52 [info     ] ID 980 | file already exists at destination
2024-03-01 12:10.52 [info     ] ID 995 | file already exists at destination
2024-03-01 12:10.52 [info     ] ID 1000 | file already exists at destination
2024-03-01 12:10.53 [info     ] ID 1001 | file already exists at destination
2024-03-01 12:10.53 [info     ] ID 1030 | file already exists at destination
2024-03-01 12:10.53 [info     ] ID 1038 | file already exists at destination
2024-03-01 12:10.53 [info     ] ID 1041 | file already exists at destination
2024-03-01 12:10.53 [info     ] ID 1042 | file already exists at destination
2024-03-01 12:10.53 [info     ] ID 1091 | file already exists at destination
2024-03-01 12:10.53 [info     ] ID 1120 | file already exists at destination
2024-03-01 12:10.53 [info     ] ID 1125 | file already exists at destination
2024-03-01 12:10.53 [info     ] ID 1152 | file already exists at destination
2024-03-01 12:10.53 [info     ] ID 1153 | file already exists at destination
2024-03-01 12:10.53 [info     ] ID 1154 | file already exists at destination
2024-03-01 12:10.53 [info     ] ID 1200 | file already exists at destination
2024-03-01 12:10.53 [info     ] ID 1203 | file already exists at destination
2024-03-01 12:10.53 [info     ] ID 1207 | file already exists at destination
2024-03-01 12:10.53 [info     ] ID 1208 | file already exists at destination
2024-03-01 12:10.53 [info     ] ID 1211 | file already exists at destination
2024-03-01 12:10.53 [info     ] ID 1212 | file already exists at destination
2024-03-01 12:10.53 [info     ] ID 1213 | file already exists at destination
2024-03-01 12:10.53 [info     ] ID 1215 | file already exists at destination
2024-03-01 12:10.53 [info     ] ID 1216 | file already exists at destination
2024-03-01 12:10.53 [info     ] ID 1225 | file already exists at destination
2024-03-01 12:10.53 [info     ] ID 1229 | file already exists at destination
2024-03-01 12:10.53 [info     ] ID 1251 | file already exists at destination
2024-03-01 12:10.53 [info     ] ID 1255 | file already exists at destination
2024-03-01 12:10.53 [info     ] ID 1257 | file already exists at destination
2024-03-01 12:10.53 [info     ] ID 1266 | file already exists at destination
2024-03-01 12:10.53 [info     ] ID 1345 | file already exists at destination
2024-03-01 12:10.53 [info     ] ID 1347 | file already exists at destination
2024-03-01 12:10.53 [info     ] ID 1348 | file already exists at destination
2024-03-01 12:10.53 [info     ] ID 1349 | file already exists at destination
2024-03-01 12:10.53 [info     ] ID 1350 | file already exists at destination
2024-03-01 12:10.53 [info     ] ID 1351 | file already exists at destination
2024-03-01 12:10.53 [info     ] ID 1352 | file already exists at destination
2024-03-01 12:10.53 [info     ] ID 1353 | file already exists at destination
2024-03-01 12:10.53 [info     ] ID 1354 | file already exists at destination
2024-03-01 12:10.53 [info     ] ID 1355 | file already exists at destination
2024-03-01 12:10.53 [info     ] ID 1356 | file already exists at destination
2024-03-01 12:10.53 [info     ] ID 1357 | file already exists at destination
2024-03-01 12:10.53 [info     ] ID 1358 | file already exists at destination
2024-03-01 12:10.53 [info     ] ID 1359 | file already exists at destination
2024-03-01 12:10.53 [info     ] ID 1360 | file already exists at destination
2024-03-01 12:10.53 [info     ] ID 1371 | file already exists at destination
2024-03-01 12:10.53 [info     ] ID 1372 | file already exists at destination
2024-03-01 12:10.53 [info     ] ID 1387 | file already exists at destination
2024-03-01 12:10.53 [info     ] ID 1398 | file already exists at destination
2024-03-01 12:10.53 [info     ] ID 1403 | file already exists at destination
2024-03-01 12:10.53 [info     ] ID 1411 | file already exists at destination
2024-03-01 12:10.53 [info     ] ID 1440 | file already exists at destination
2024-03-01 12:10.53 [info     ] ID 1443 | file already exists at destination
2024-03-01 12:10.53 [info     ] ID 1448 | file already exists at destination
2024-03-01 12:10.53 [info     ] ID 1455 | file already exists at destination
2024-03-01 12:10.53 [info     ] ID 1460 | file already exists at destination
2024-03-01 12:10.53 [info     ] ID 1592 | file already exists at destination
2024-03-01 12:10.53 [info     ] ID 1636 | file already exists at destination
2024-03-01 12:10.53 [info     ] ID 1679 | file already exists at destination
2024-03-01 12:10.53 [info     ] ID 1862 | file already exists at destination
2024-03-01 12:10.53 [info     ] ID 1906 | file already exists at destination
2024-03-01 12:10.53 [info     ] ID 1915 | file already exists at destination
2024-03-01 12:10.53 [info     ] ID 1982 | file already exists at destination
2024-03-01 12:10.53 [info     ] ID 2054 | file already exists at destination
2024-03-01 12:10.53 [info     ] ID 2065 | file already exists at destination
2024-03-01 12:10.53 [info     ] ID 2313 | file already exists at destination
2024-03-01 12:10.53 [info     ] ID 2738 | file already exists at destination
2024-03-01 12:10.53 [info     ] ID 2763 | file already exists at destination
2024-03-01 12:10.53 [info     ] ID 2769 | file already exists at destination
2024-03-01 12:10.53 [info     ] ID 3003 | file already exists at destination
2024-03-01 12:10.53 [info     ] ID 3012 | file already exists at destination
2024-03-01 12:10.53 [info     ] ID 3134 | file already exists at destination
2024-03-01 12:10.53 [info     ] ID 3155 | file already exists at destination
2024-03-01 12:10.53 [info     ] ID 3164 | file already exists at destination
2024-03-01 12:10.53 [info     ] ID 3165 | file already exists at destination
2024-03-01 12:10.53 [info     ] ID 3171 | file already exists at destination
2024-03-01 12:10.53 [info     ] ID 3172 | file already exists at destination
2024-03-01 12:10.53 [info     ] ID 3179 | file already exists at destination
2024-03-01 12:10.53 [info     ] ID 3180 | file already exists at destination
2024-03-01 12:10.53 [info     ] ID 3181 | file already exists at destination
2024-03-01 12:10.53 [info     ] ID 3187 | file already exists at destination
2024-03-01 12:10.53 [info     ] ID 3201 | file already exists at destination
2024-03-01 12:10.53 [info     ] ID 3202 | file already exists at destination
2024-03-01 12:10.53 [info     ] ID 3208 | file already exists at destination
2024-03-01 12:10.53 [info     ] ID 3209 | file already exists at destination
2024-03-01 12:10.53 [info     ] ID 3212 | file already exists at destination
2024-03-01 12:10.53 [info     ] ID 3216 | file already exists at destination
2024-03-01 12:10.53 [info     ] ID 3220 | file already exists at destination
2024-03-01 12:10.53 [info     ] ID 3222 | file already exists at destination
2024-03-01 12:10.53 [info     ] ID 3224 | file already exists at destination
2024-03-01 12:10.53 [info     ] ID 3225 | file already exists at destination
2024-03-01 12:10.53 [info     ] ID 3226 | file already exists at destination
2024-03-01 12:10.53 [info     ] ID 3227 | file already exists at destination
2024-03-01 12:10.53 [info     ] ID 3229 | file already exists at destination
2024-03-01 12:10.53 [info     ] ID 3230 | file already exists at destination
2024-03-01 12:10.53 [info     ] ID 3231 | file already exists at destination
2024-03-01 12:10.53 [info     ] ID 3234 | file already exists at destination
2024-03-01 12:10.53 [info     ] ID 3235 | file already exists at destination
2024-03-01 12:10.53 [info     ] ID 3236 | file already exists at destination
2024-03-01 12:10.53 [info     ] ID 3237 | file already exists at destination
2024-03-01 12:10.53 [info     ] ID 3239 | file already exists at destination
2024-03-01 12:10.53 [info     ] ID 3242 | file already exists at destination
2024-03-01 12:10.53 [info     ] ID 3243 | file already exists at destination
2024-03-01 12:10.53 [info     ] ID 3244 | file already exists at destination
2024-03-01 12:10.53 [info     ] ID 3245 | file already exists at destination
2024-03-01 12:10.53 [info     ] ID 3246 | file already exists at destination
2024-03-01 12:10.53 [info     ] ID 3248 | file already exists at destination
2024-03-01 12:10.53 [info     ] ID 3249 | file already exists at destination
2024-03-01 12:10.53 [info     ] ID 3250 | file already exists at destination
2024-03-01 12:10.53 [info     ] ID 3251 | file already exists at destination
2024-03-01 12:10.53 [info     ] ID 3252 | file already exists at destination
2024-03-01 12:10.53 [info     ] ID 3253 | file already exists at destination
2024-03-01 12:10.53 [info     ] ID 3254 | file already exists at destination
2024-03-01 12:10.53 [info     ] ID 3257 | file already exists at destination
2024-03-01 12:10.53 [info     ] ID 3258 | file already exists at destination
2024-03-01 12:10.53 [info     ] ID 3259 | file already exists at destination
2024-03-01 12:10.53 [info     ] ID 3261 | file already exists at destination
2024-03-01 12:10.53 [info     ] ID 3265 | file already exists at destination
2024-03-01 12:10.53 [info     ] ID 3266 | file already exists at destination
2024-03-01 12:10.53 [info     ] ID 3291 | file already exists at destination
2024-03-01 12:10.53 [info     ] ID 3305 | file already exists at destination
2024-03-01 12:10.53 [info     ] ID 3310 | file already exists at destination
2024-03-01 12:10.53 [info     ] ID 3315 | file already exists at destination
2024-03-01 12:10.53 [info     ] ID 3334 | file already exists at destination
2024-03-01 12:10.53 [info     ] ID 3337 | file already exists at destination
2024-03-01 12:10.53 [info     ] ID 3338 | file already exists at destination
2024-03-01 12:10.53 [info     ] ID 3340 | file already exists at destination
2024-03-01 12:10.53 [info     ] ID 3341 | file already exists at destination
2024-03-01 12:10.53 [info     ] ID 3342 | file already exists at destination
2024-03-01 12:10.53 [info     ] ID 3344 | file already exists at destination
2024-03-01 12:10.53 [info     ] ID 3345 | file already exists at destination
2024-03-01 12:10.53 [info     ] ID 3348 | file already exists at destination
2024-03-01 12:10.53 [info     ] ID 3351 | file already exists at destination
2024-03-01 12:10.53 [info     ] ID 3376 | file already exists at destination
2024-03-01 12:10.53 [info     ] ID 3378 | file already exists at destination
2024-03-01 12:10.53 [info     ] ID 3393 | file already exists at destination
2024-03-01 12:10.53 [info     ] ID 3396 | file already exists at destination
2024-03-01 12:10.53 [info     ] ID 3397 | file already exists at destination
2024-03-01 12:10.53 [info     ] ID 3398 | file already exists at destination
2024-03-01 12:10.53 [info     ] ID 3399 | file already exists at destination
2024-03-01 12:10.53 [info     ] ID 3400 | file already exists at destination
2024-03-01 12:10.54 [info     ] ID 3401 | file already exists at destination
2024-03-01 12:10.54 [info     ] ID 3402 | file already exists at destination
2024-03-01 12:10.54 [info     ] ID 3466 | file already exists at destination
2024-03-01 12:10.54 [info     ] ID 3468 | file already exists at destination
2024-03-01 12:10.54 [info     ] ID 3477 | file already exists at destination
2024-03-01 12:10.54 [info     ] ID 3493 | file already exists at destination
2024-03-01 12:10.54 [info     ] ID 3520 | file already exists at destination
2024-03-01 12:10.54 [info     ] ID 3521 | file already exists at destination
2024-03-01 12:10.54 [info     ] ID 3540 | file already exists at destination
2024-03-01 12:10.54 [info     ] ID 3584 | file already exists at destination
2024-03-01 12:10.54 [info     ] ID 3585 | file already exists at destination
2024-03-01 12:10.54 [info     ] ID 3599 | file already exists at destination
2024-03-01 12:10.54 [info     ] Files copied 0 | Files with empty filename 0 | File already in dest 223 | Missing files 0
